$ next dev --turbopack
▲ Next.js 16.2.0 (Turbopack)
- Local:         http://localhost:3000
- Network:       http://192.168.1.158:3000
- Environments: .env.local
✓ Ready in 385ms

API URL: https://provider.blocktype.cl
 GET / 200 in 2.1s (next.js: 1882ms, application-code: 192ms)
[browser] A tree hydrated but some attributes of the server rendered HTML didn't match the client properties. This won't be patched up. This can happen if a SSR-ed Client Component used:

- A server/client branch `if (typeof window !== 'undefined')`.
- Variable input such as `Date.now()` or `Math.random()` which changes each time it's called.
- Date formatting in a user's locale which doesn't match the server.
- External changing data without sending a snapshot of it along with the HTML.
- Invalid HTML tag nesting.

It can also happen if the client has a browser extension installed which messes with the HTML before React loaded.

https://react.dev/link/hydration-mismatch

  ...
    <HotReload globalError={[...]} webSocket={WebSocket} staticIndicatorState={{pathname:null, ...}}>
      <AppDevOverlayErrorBoundary globalError={[...]}>
        <ReplaySsrOnlyErrors>
        <DevRootHTTPAccessFallbackBoundary>
          <HTTPAccessFallbackBoundary notFound={<NotAllowedRootHTTPFallbackError>}>
            <HTTPAccessFallbackErrorBoundary pathname="/" notFound={<NotAllowedRootHTTPFallbackError>} ...>
              <RedirectBoundary>
                <RedirectErrorBoundary router={{...}}>
                  <Head>
                  <__next_root_layout_boundary__>
                    <SegmentViewNode type="layout" pagePath="layout.tsx">
                      <SegmentTrieNode>
                      <link>
                      <script>
                      <script>
                      <RootLayout>
                        <html lang="es">
                          <body
                            className="font-sans antialiased"
-                           cz-shortcut-listen="true"
                          >
                  ...
 
API URL: https://provider.blocktype.cl
 GET / 200 in 48ms (next.js: 5ms, application-code: 44ms)
[browser] A tree hydrated but some attributes of the server rendered HTML didn't match the client properties. This won't be patched up. This can happen if a SSR-ed Client Component used:

- A server/client branch `if (typeof window !== 'undefined')`.
- Variable input such as `Date.now()` or `Math.random()` which changes each time it's called.
- Date formatting in a user's locale which doesn't match the server.
- External changing data without sending a snapshot of it along with the HTML.
- Invalid HTML tag nesting.

It can also happen if the client has a browser extension installed which messes with the HTML before React loaded.

https://react.dev/link/hydration-mismatch

  ...
    <HotReload globalError={[...]} webSocket={WebSocket} staticIndicatorState={{pathname:null, ...}}>
      <AppDevOverlayErrorBoundary globalError={[...]}>
        <ReplaySsrOnlyErrors>
        <DevRootHTTPAccessFallbackBoundary>
          <HTTPAccessFallbackBoundary notFound={<NotAllowedRootHTTPFallbackError>}>
            <HTTPAccessFallbackErrorBoundary pathname="/" notFound={<NotAllowedRootHTTPFallbackError>} ...>
              <RedirectBoundary>
                <RedirectErrorBoundary router={{...}}>
                  <Head>
                  <__next_root_layout_boundary__>
                    <SegmentViewNode type="layout" pagePath="layout.tsx">
                      <SegmentTrieNode>
                      <link>
                      <script>
                      <script>
                      <RootLayout>
                        <html lang="es">
                          <body
                            className="font-sans antialiased"
-                           cz-shortcut-listen="true"
                          >
                  ...
 
API URL: https://provider.blocktype.cl
 GET / 200 in 43ms (next.js: 3ms, application-code: 39ms)
API URL: https://provider.blocktype.cl
 GET / 200 in 40ms (next.js: 3ms, application-code: 37ms)
[browser] A tree hydrated but some attributes of the server rendered HTML didn't match the client properties. This won't be patched up. This can happen if a SSR-ed Client Component used:

- A server/client branch `if (typeof window !== 'undefined')`.
- Variable input such as `Date.now()` or `Math.random()` which changes each time it's called.
- Date formatting in a user's locale which doesn't match the server.
- External changing data without sending a snapshot of it along with the HTML.
- Invalid HTML tag nesting.

It can also happen if the client has a browser extension installed which messes with the HTML before React loaded.

https://react.dev/link/hydration-mismatch

  ...
    <HotReload globalError={[...]} webSocket={WebSocket} staticIndicatorState={{pathname:null, ...}}>
      <AppDevOverlayErrorBoundary globalError={[...]}>
        <ReplaySsrOnlyErrors>
        <DevRootHTTPAccessFallbackBoundary>
          <HTTPAccessFallbackBoundary notFound={<NotAllowedRootHTTPFallbackError>}>
            <HTTPAccessFallbackErrorBoundary pathname="/" notFound={<NotAllowedRootHTTPFallbackError>} ...>
              <RedirectBoundary>
                <RedirectErrorBoundary router={{...}}>
                  <Head>
                  <__next_root_layout_boundary__>
                    <SegmentViewNode type="layout" pagePath="layout.tsx">
                      <SegmentTrieNode>
                      <link>
                      <script>
                      <script>
                      <RootLayout>
                        <html lang="es">
                          <body
                            className="font-sans antialiased"
-                           cz-shortcut-listen="true"
                          >
                  ...
 
    at console.overrideMethod [as error] (chrome-extension://fmkadmapgofadopljbjfkapdkoienihi/build/installHook.js:1:174822) (chrome-extension://fmkadmapgofadopljbjfkapdkoienihi/build/installHook.js:1:174822)
API URL: https://provider.blocktype.cl
 GET / 200 in 42ms (next.js: 4ms, application-code: 38ms)
API URL: https://provider.blocktype.cl
 GET / 200 in 40ms (next.js: 4ms, application-code: 36ms)
API URL: https://provider.blocktype.cl
 GET / 200 in 39ms (next.js: 4ms, application-code: 35ms)
API URL: https://provider.blocktype.cl
 GET / 200 in 38ms (next.js: 4ms, application-code: 34ms)
✓ Compiled in 174ms
✓ Compiled in 140ms
 GET / 200 in 74ms (next.js: 17ms, application-code: 57ms)
 GET / 200 in 64ms (next.js: 3ms, application-code: 61ms)
✓ Compiled in 117ms
✓ Compiled in 93ms
API URL: https://provider.blocktype.cl
 GET / 200 in 84ms (next.js: 6ms, application-code: 78ms)
[browser] A tree hydrated but some attributes of the server rendered HTML didn't match the client properties. This won't be patched up. This can happen if a SSR-ed Client Component used:

- A server/client branch `if (typeof window !== 'undefined')`.
- Variable input such as `Date.now()` or `Math.random()` which changes each time it's called.
- Date formatting in a user's locale which doesn't match the server.
- External changing data without sending a snapshot of it along with the HTML.
- Invalid HTML tag nesting.

It can also happen if the client has a browser extension installed which messes with the HTML before React loaded.

https://react.dev/link/hydration-mismatch

  ...
    <HotReload globalError={[...]} webSocket={WebSocket} staticIndicatorState={{pathname:null, ...}}>
      <AppDevOverlayErrorBoundary globalError={[...]}>
        <ReplaySsrOnlyErrors>
        <DevRootHTTPAccessFallbackBoundary>
          <HTTPAccessFallbackBoundary notFound={<NotAllowedRootHTTPFallbackError>}>
            <HTTPAccessFallbackErrorBoundary pathname="/" notFound={<NotAllowedRootHTTPFallbackError>} ...>
              <RedirectBoundary>
                <RedirectErrorBoundary router={{...}}>
                  <Head>
                  <__next_root_layout_boundary__>
                    <SegmentViewNode type="layout" pagePath="layout.tsx">
                      <SegmentTrieNode>
                      <link>
                      <script>
                      <script>
                      <RootLayout>
                        <html lang="es">
                          <body
                            className="font-sans antialiased"
-                           cz-shortcut-listen="true"
                          >
                  ...
 
API URL: https://provider.blocktype.cl
 GET / 200 in 41ms (next.js: 4ms, application-code: 37ms)
API URL: https://provider.blocktype.cl
 GET / 200 in 43ms (next.js: 3ms, application-code: 39ms)
API URL: https://provider.blocktype.cl
 GET / 200 in 38ms (next.js: 3ms, application-code: 35ms)
 GET /sitemap_index.xml 404 in 371ms (next.js: 346ms, application-code: 25ms)
